--progress is a global compose flag, better use `docker compose --progress xx build ...
 Image docklens-api Building 
#1 [internal] load local bake definitions
#1 reading from stdin 511B 0.0s done
#1 DONE 0.1s

#2 [internal] load build definition from Dockerfile
#2 transferring dockerfile: 245B 0.0s done
#2 DONE 0.1s

#3 [internal] load metadata for docker.io/library/python:3.12-slim
#3 DONE 0.7s

#4 [internal] load .dockerignore
#4 transferring context: 2B done
#4 DONE 0.1s

#5 [internal] load build context
#5 transferring context: 159B done
#5 DONE 0.1s

#6 [1/5] FROM docker.io/library/python:3.12-slim@sha256:ccc7089399c8bb65dd1fb3ed6d55efa538a3f5e7fca3f5988ac3b5b87e593bf0
#6 resolve docker.io/library/python:3.12-slim@sha256:ccc7089399c8bb65dd1fb3ed6d55efa538a3f5e7fca3f5988ac3b5b87e593bf0
#6 resolve docker.io/library/python:3.12-slim@sha256:ccc7089399c8bb65dd1fb3ed6d55efa538a3f5e7fca3f5988ac3b5b87e593bf0 0.1s done
#6 DONE 0.1s

#7 [2/5] WORKDIR /app
#7 CACHED

#8 [3/5] COPY requirements.txt .
#8 DONE 0.1s

#9 [4/5] RUN pip install --no-cache-dir -r requirements.txt
#9 3.573 Collecting fastapi==0.115.6 (from -r requirements.txt (line 1))
#9 3.727   Downloading fastapi-0.115.6-py3-none-any.whl.metadata (27 kB)
#9 3.956 ERROR: Could not find a version that satisfies the requirement unvicorn==0.32.1 (from versions: none)
#9 4.140 
#9 4.140 [notice] A new release of pip is available: 25.0.1 -> 26.0.1
#9 4.140 [notice] To update, run: pip install --upgrade pip
#9 4.140 ERROR: No matching distribution found for unvicorn==0.32.1
#9 ERROR: process "/bin/sh -c pip install --no-cache-dir -r requirements.txt" did not complete successfully: exit code: 1
------
 > [4/5] RUN pip install --no-cache-dir -r requirements.txt:
3.573 Collecting fastapi==0.115.6 (from -r requirements.txt (line 1))
3.727   Downloading fastapi-0.115.6-py3-none-any.whl.metadata (27 kB)
3.956 ERROR: Could not find a version that satisfies the requirement unvicorn==0.32.1 (from versions: none)
4.140 
4.140 [notice] A new release of pip is available: 25.0.1 -> 26.0.1
4.140 [notice] To update, run: pip install --upgrade pip
4.140 ERROR: No matching distribution found for unvicorn==0.32.1
------
Dockerfile:6

--------------------

   4 |     

   5 |     COPY requirements.txt .

   6 | >>> RUN pip install --no-cache-dir -r requirements.txt

   7 |     

   8 |     COPY app ./app

--------------------

failed to solve: process "/bin/sh -c pip install --no-cache-dir -r requirements.txt" did not complete successfully: exit code: 1

